# JRE version: Java(TM) SE Runtime Environment (8.0_71-b15) (build 1.8.0_71-b15)
# Java VM: Java HotSpot(TM) 64-Bit Server VM (25.71-b15 mixed mode linux-amd64 compressed oops)
Heap:
 PSYoungGen      total 216064K, used 114986K [0x00000000f0000000, 0x0000000100000000, 0x0000000100000000)
  eden space 169984K, 51% used [0x00000000f0000000,0x00000000f55ad3f0,0x00000000fa600000)
  from space 46080K, 59% used [0x00000000fa600000,0x00000000fc09d690,0x00000000fd300000)
  to   space 46080K, 0% used [0x00000000fd300000,0x00000000fd300000,0x0000000100000000)
 ParOldGen       total 338944K, used 202539K [0x00000000d0000000, 0x00000000e4b00000, 0x00000000f0000000)
  object space 338944K, 59% used [0x00000000d0000000,0x00000000dc5cad48,0x00000000e4b00000)
 Metaspace       used 95230K, capacity 102862K, committed 103040K, reserved 1140736K
  class space    used 10642K, capacity 12646K, committed 12672K, reserved 1048576K
GC Heap History (10 events):
Event: 412.521 GC heap before
{Heap before GC invocations=91 (full 6):
 PSYoungGen      total 206848K, used 180477K [0x00000000f0000000, 0x00000000ff900000, 0x0000000100000000)
  eden space 163840K, 100% used [0x00000000f0000000,0x00000000fa000000,0x00000000fa000000)
  from space 43008K, 38% used [0x00000000fcf00000,0x00000000fdf3f470,0x00000000ff900000)
  to   space 45568K, 0% used [0x00000000fa000000,0x00000000fa000000,0x00000000fcc80000)
 ParOldGen       total 338944K, used 202507K [0x00000000d0000000, 0x00000000e4b00000, 0x00000000f0000000)
  object space 338944K, 59% used [0x00000000d0000000,0x00000000dc5c2d48,0x00000000e4b00000)
 Metaspace       used 94496K, capacity 101914K, committed 102272K, reserved 1138688K
  class space    used 10561K, capacity 12546K, committed 12672K, reserved 1048576K
Event: 412.542 GC heap after
Heap after GC invocations=91 (full 6):
 PSYoungGen      total 209408K, used 21962K [0x00000000f0000000, 0x00000000ffc00000, 0x0000000100000000)
  eden space 163840K, 0% used [0x00000000f0000000,0x00000000f0000000,0x00000000fa000000)
  from space 45568K, 48% used [0x00000000fa000000,0x00000000fb5729d8,0x00000000fcc80000)
  to   space 44544K, 0% used [0x00000000fd080000,0x00000000fd080000,0x00000000ffc00000)
 ParOldGen       total 338944K, used 202515K [0x00000000d0000000, 0x00000000e4b00000, 0x00000000f0000000)
  object space 338944K, 59% used [0x00000000d0000000,0x00000000dc5c4d48,0x00000000e4b00000)
 Metaspace       used 94496K, capacity 101914K, committed 102272K, reserved 1138688K
  class space    used 10561K, capacity 12546K, committed 12672K, reserved 1048576K
}
Event: 425.701 GC heap before
{Heap before GC invocations=92 (full 6):
 PSYoungGen      total 209408K, used 185802K [0x00000000f0000000, 0x00000000ffc00000, 0x0000000100000000)
  eden space 163840K, 100% used [0x00000000f0000000,0x00000000fa000000,0x00000000fa000000)
  from space 45568K, 48% used [0x00000000fa000000,0x00000000fb5729d8,0x00000000fcc80000)
  to   space 44544K, 0% used [0x00000000fd080000,0x00000000fd080000,0x00000000ffc00000)
 ParOldGen       total 338944K, used 202515K [0x00000000d0000000, 0x00000000e4b00000, 0x00000000f0000000)
  object space 338944K, 59% used [0x00000000d0000000,0x00000000dc5c4d48,0x00000000e4b00000)
 Metaspace       used 94704K, capacity 102178K, committed 102528K, reserved 1138688K
  class space    used 10576K, capacity 12559K, committed 12672K, reserved 1048576K
Event: 425.724 GC heap after
Heap after GC invocations=92 (full 6):
 PSYoungGen      total 212480K, used 24890K [0x00000000f0000000, 0x00000000ffc00000, 0x0000000100000000)
  eden space 167936K, 0% used [0x00000000f0000000,0x00000000f0000000,0x00000000fa400000)
  from space 44544K, 55% used [0x00000000fd080000,0x00000000fe8ce9b8,0x00000000ffc00000)
  to   space 45056K, 0% used [0x00000000fa400000,0x00000000fa400000,0x00000000fd000000)
 ParOldGen       total 338944K, used 202523K [0x00000000d0000000, 0x00000000e4b00000, 0x00000000f0000000)
  object space 338944K, 59% used [0x00000000d0000000,0x00000000dc5c6d48,0x00000000e4b00000)
 Metaspace       used 94704K, capacity 102178K, committed 102528K, reserved 1138688K
  class space    used 10576K, capacity 12559K, committed 12672K, reserved 1048576K
}
Event: 430.997 GC heap before
{Heap before GC invocations=93 (full 6):
 PSYoungGen      total 212480K, used 192826K [0x00000000f0000000, 0x00000000ffc00000, 0x0000000100000000)
  eden space 167936K, 100% used [0x00000000f0000000,0x00000000fa400000,0x00000000fa400000)
  from space 44544K, 55% used [0x00000000fd080000,0x00000000fe8ce9b8,0x00000000ffc00000)
  to   space 45056K, 0% used [0x00000000fa400000,0x00000000fa400000,0x00000000fd000000)
 ParOldGen       total 338944K, used 202523K [0x00000000d0000000, 0x00000000e4b00000, 0x00000000f0000000)
  object space 338944K, 59% used [0x00000000d0000000,0x00000000dc5c6d48,0x00000000e4b00000)
 Metaspace       used 94828K, capacity 102302K, committed 102528K, reserved 1138688K
  class space    used 10588K, capacity 12579K, committed 12672K, reserved 1048576K
Event: 431.023 GC heap after
Heap after GC invocations=93 (full 6):
 PSYoungGen      total 212992K, used 25452K [0x00000000f0000000, 0x0000000100000000, 0x0000000100000000)
  eden space 167936K, 0% used [0x00000000f0000000,0x00000000f0000000,0x00000000fa400000)
  from space 45056K, 56% used [0x00000000fa400000,0x00000000fbcdb360,0x00000000fd000000)
  to   space 45056K, 0% used [0x00000000fd400000,0x00000000fd400000,0x0000000100000000)
 ParOldGen       total 338944K, used 202531K [0x00000000d0000000, 0x00000000e4b00000, 0x00000000f0000000)
  object space 338944K, 59% used [0x00000000d0000000,0x00000000dc5c8d48,0x00000000e4b00000)
 Metaspace       used 94828K, capacity 102302K, committed 102528K, reserved 1138688K
  class space    used 10588K, capacity 12579K, committed 12672K, reserved 1048576K
}
Event: 441.349 GC heap before
{Heap before GC invocations=94 (full 6):
 PSYoungGen      total 212992K, used 193388K [0x00000000f0000000, 0x0000000100000000, 0x0000000100000000)
  eden space 167936K, 100% used [0x00000000f0000000,0x00000000fa400000,0x00000000fa400000)
  from space 45056K, 56% used [0x00000000fa400000,0x00000000fbcdb360,0x00000000fd000000)
  to   space 45056K, 0% used [0x00000000fd400000,0x00000000fd400000,0x0000000100000000)
 ParOldGen       total 338944K, used 202531K [0x00000000d0000000, 0x00000000e4b00000, 0x00000000f0000000)
  object space 338944K, 59% used [0x00000000d0000000,0x00000000dc5c8d48,0x00000000e4b00000)
 Metaspace       used 94877K, capacity 102436K, committed 102528K, reserved 1138688K
  class space    used 10591K, capacity 12580K, committed 12672K, reserved 1048576K
Event: 441.373 GC heap after
Heap after GC invocations=94 (full 6):
 PSYoungGen      total 215040K, used 27561K [0x00000000f0000000, 0x0000000100000000, 0x0000000100000000)
  eden space 169984K, 0% used [0x00000000f0000000,0x00000000f0000000,0x00000000fa600000)
  from space 45056K, 61% used [0x00000000fd400000,0x00000000feeea5a0,0x0000000100000000)
  to   space 46080K, 0% used [0x00000000fa600000,0x00000000fa600000,0x00000000fd300000)
 ParOldGen       total 338944K, used 202539K [0x00000000d0000000, 0x00000000e4b00000, 0x00000000f0000000)
  object space 338944K, 59% used [0x00000000d0000000,0x00000000dc5cad48,0x00000000e4b00000)
 Metaspace       used 94877K, capacity 102436K, committed 102528K, reserved 1138688K
  class space    used 10591K, capacity 12580K, committed 12672K, reserved 1048576K
}
Event: 446.673 GC heap before
{Heap before GC invocations=95 (full 6):
 PSYoungGen      total 215040K, used 197545K [0x00000000f0000000, 0x0000000100000000, 0x0000000100000000)
  eden space 169984K, 100% used [0x00000000f0000000,0x00000000fa600000,0x00000000fa600000)
  from space 45056K, 61% used [0x00000000fd400000,0x00000000feeea5a0,0x0000000100000000)
  to   space 46080K, 0% used [0x00000000fa600000,0x00000000fa600000,0x00000000fd300000)
 ParOldGen       total 338944K, used 202539K [0x00000000d0000000, 0x00000000e4b00000, 0x00000000f0000000)
  object space 338944K, 59% used [0x00000000d0000000,0x00000000dc5cad48,0x00000000e4b00000)
 Metaspace       used 94932K, capacity 102472K, committed 102784K, reserved 1138688K
  class space    used 10596K, capacity 12586K, committed 12672K, reserved 1048576K
Event: 446.700 GC heap after
Heap after GC invocations=95 (full 6):
 PSYoungGen      total 216064K, used 27253K [0x00000000f0000000, 0x0000000100000000, 0x0000000100000000)
  eden space 169984K, 0% used [0x00000000f0000000,0x00000000f0000000,0x00000000fa600000)
  from space 46080K, 59% used [0x00000000fa600000,0x00000000fc09d690,0x00000000fd300000)
  to   space 46080K, 0% used [0x00000000fd300000,0x00000000fd300000,0x0000000100000000)
 ParOldGen       total 338944K, used 202539K [0x00000000d0000000, 0x00000000e4b00000, 0x00000000f0000000)
  object space 338944K, 59% used [0x00000000d0000000,0x00000000dc5cad48,0x00000000e4b00000)
 Metaspace       used 94932K, capacity 102472K, committed 102784K, reserved 1138688K
  class space    used 10596K, capacity 12586K, committed 12672K, reserved 1048576K
}

