# JRE version: Java(TM) SE Runtime Environment (8.0_71-b15) (build 1.8.0_71-b15)
# Java VM: Java HotSpot(TM) 64-Bit Server VM (25.71-b15 mixed mode linux-amd64 compressed oops)
Heap:
 PSYoungGen      total 217088K, used 65180K [0x00000000f0000000, 0x00000000ff800000, 0x0000000100000000)
  eden space 193536K, 21% used [0x00000000f0000000,0x00000000f28c5728,0x00000000fbd00000)
  from space 23552K, 99% used [0x00000000fe100000,0x00000000ff7e1be8,0x00000000ff800000)
  to   space 29696K, 0% used [0x00000000fbe00000,0x00000000fbe00000,0x00000000fdb00000)
 ParOldGen       total 246272K, used 195979K [0x00000000d0000000, 0x00000000df080000, 0x00000000f0000000)
  object space 246272K, 79% used [0x00000000d0000000,0x00000000dbf62f30,0x00000000df080000)
 Metaspace       used 97359K, capacity 105692K, committed 105984K, reserved 1142784K
  class space    used 10823K, capacity 13019K, committed 13056K, reserved 1048576K
GC Heap History (10 events):
Event: 1263.518 GC heap before
{Heap before GC invocations=68 (full 4):
 PSYoungGen      total 228864K, used 215519K [0x00000000f0000000, 0x00000000fff00000, 0x0000000100000000)
  eden space 197632K, 99% used [0x00000000f0000000,0x00000000fc0d5258,0x00000000fc100000)
  from space 31232K, 57% used [0x00000000fc100000,0x00000000fd2a2bd8,0x00000000fdf80000)
  to   space 30720K, 0% used [0x00000000fe100000,0x00000000fe100000,0x00000000fff00000)
 ParOldGen       total 246272K, used 187107K [0x00000000d0000000, 0x00000000df080000, 0x00000000f0000000)
  object space 246272K, 75% used [0x00000000d0000000,0x00000000db6b8e00,0x00000000df080000)
 Metaspace       used 95149K, capacity 103094K, committed 103168K, reserved 1140736K
  class space    used 10642K, capacity 12799K, committed 12800K, reserved 1048576K
Event: 1263.539 GC heap after
Heap after GC invocations=68 (full 4):
 PSYoungGen      total 229376K, used 21047K [0x00000000f0000000, 0x00000000ffd80000, 0x0000000100000000)
  eden space 200192K, 0% used [0x00000000f0000000,0x00000000f0000000,0x00000000fc380000)
  from space 29184K, 72% used [0x00000000fe100000,0x00000000ff58dfa0,0x00000000ffd80000)
  to   space 29696K, 0% used [0x00000000fc380000,0x00000000fc380000,0x00000000fe080000)
 ParOldGen       total 246272K, used 187235K [0x00000000d0000000, 0x00000000df080000, 0x00000000f0000000)
  object space 246272K, 76% used [0x00000000d0000000,0x00000000db6d8e00,0x00000000df080000)
 Metaspace       used 95149K, capacity 103094K, committed 103168K, reserved 1140736K
  class space    used 10642K, capacity 12799K, committed 12800K, reserved 1048576K
}
Event: 1546.159 GC heap before
{Heap before GC invocations=69 (full 4):
 PSYoungGen      total 229376K, used 221239K [0x00000000f0000000, 0x00000000ffd80000, 0x0000000100000000)
  eden space 200192K, 100% used [0x00000000f0000000,0x00000000fc380000,0x00000000fc380000)
  from space 29184K, 72% used [0x00000000fe100000,0x00000000ff58dfa0,0x00000000ffd80000)
  to   space 29696K, 0% used [0x00000000fc380000,0x00000000fc380000,0x00000000fe080000)
 ParOldGen       total 246272K, used 187235K [0x00000000d0000000, 0x00000000df080000, 0x00000000f0000000)
  object space 246272K, 76% used [0x00000000d0000000,0x00000000db6d8e00,0x00000000df080000)
 Metaspace       used 95772K, capacity 103766K, committed 104064K, reserved 1140736K
  class space    used 10699K, capacity 12846K, committed 12928K, reserved 1048576K
Event: 1546.189 GC heap after
Heap after GC invocations=69 (full 4):
 PSYoungGen      total 229888K, used 25818K [0x00000000f0000000, 0x0000000100000000, 0x0000000100000000)
  eden space 200192K, 0% used [0x00000000f0000000,0x00000000f0000000,0x00000000fc380000)
  from space 29696K, 86% used [0x00000000fc380000,0x00000000fdcb6b00,0x00000000fe080000)
  to   space 31232K, 0% used [0x00000000fe180000,0x00000000fe180000,0x0000000100000000)
 ParOldGen       total 246272K, used 187323K [0x00000000d0000000, 0x00000000df080000, 0x00000000f0000000)
  object space 246272K, 76% used [0x00000000d0000000,0x00000000db6eee10,0x00000000df080000)
 Metaspace       used 95772K, capacity 103766K, committed 104064K, reserved 1140736K
  class space    used 10699K, capacity 12846K, committed 12928K, reserved 1048576K
}
Event: 1602.480 GC heap before
{Heap before GC invocations=70 (full 4):
 PSYoungGen      total 229888K, used 226010K [0x00000000f0000000, 0x0000000100000000, 0x0000000100000000)
  eden space 200192K, 100% used [0x00000000f0000000,0x00000000fc380000,0x00000000fc380000)
  from space 29696K, 86% used [0x00000000fc380000,0x00000000fdcb6b00,0x00000000fe080000)
  to   space 31232K, 0% used [0x00000000fe180000,0x00000000fe180000,0x0000000100000000)
 ParOldGen       total 246272K, used 187323K [0x00000000d0000000, 0x00000000df080000, 0x00000000f0000000)
  object space 246272K, 76% used [0x00000000d0000000,0x00000000db6eee10,0x00000000df080000)
 Metaspace       used 96066K, capacity 104120K, committed 104320K, reserved 1140736K
  class space    used 10718K, capacity 12865K, committed 12928K, reserved 1048576K
Event: 1602.544 GC heap after
Heap after GC invocations=70 (full 4):
 PSYoungGen      total 231424K, used 21538K [0x00000000f0000000, 0x00000000fff80000, 0x0000000100000000)
  eden space 200704K, 0% used [0x00000000f0000000,0x00000000f0000000,0x00000000fc400000)
  from space 30720K, 70% used [0x00000000fe180000,0x00000000ff688880,0x00000000fff80000)
  to   space 30208K, 0% used [0x00000000fc400000,0x00000000fc400000,0x00000000fe180000)
 ParOldGen       total 246272K, used 194891K [0x00000000d0000000, 0x00000000df080000, 0x00000000f0000000)
  object space 246272K, 79% used [0x00000000d0000000,0x00000000dbe52e10,0x00000000df080000)
 Metaspace       used 96066K, capacity 104120K, committed 104320K, reserved 1140736K
  class space    used 10718K, capacity 12865K, committed 12928K, reserved 1048576K
}
Event: 1611.090 GC heap before
{Heap before GC invocations=71 (full 4):
 PSYoungGen      total 231424K, used 222242K [0x00000000f0000000, 0x00000000fff80000, 0x0000000100000000)
  eden space 200704K, 100% used [0x00000000f0000000,0x00000000fc400000,0x00000000fc400000)
  from space 30720K, 70% used [0x00000000fe180000,0x00000000ff688880,0x00000000fff80000)
  to   space 30208K, 0% used [0x00000000fc400000,0x00000000fc400000,0x00000000fe180000)
 ParOldGen       total 246272K, used 194891K [0x00000000d0000000, 0x00000000df080000, 0x00000000f0000000)
  object space 246272K, 79% used [0x00000000d0000000,0x00000000dbe52e10,0x00000000df080000)
 Metaspace       used 96681K, capacity 104850K, committed 105216K, reserved 1140736K
  class space    used 10757K, capacity 12930K, committed 13056K, reserved 1048576K
Event: 1611.115 GC heap after
Heap after GC invocations=71 (full 4):
 PSYoungGen      total 222208K, used 21322K [0x00000000f0000000, 0x00000000ffd80000, 0x0000000100000000)
  eden space 200704K, 0% used [0x00000000f0000000,0x00000000f0000000,0x00000000fc400000)
  from space 21504K, 99% used [0x00000000fc400000,0x00000000fd8d2828,0x00000000fd900000)
  to   space 29184K, 0% used [0x00000000fe100000,0x00000000fe100000,0x00000000ffd80000)
 ParOldGen       total 246272K, used 195403K [0x00000000d0000000, 0x00000000df080000, 0x00000000f0000000)
  object space 246272K, 79% used [0x00000000d0000000,0x00000000dbed2e10,0x00000000df080000)
 Metaspace       used 96681K, capacity 104850K, committed 105216K, reserved 1140736K
  class space    used 10757K, capacity 12930K, committed 13056K, reserved 1048576K
}
Event: 1698.136 GC heap before
{Heap before GC invocations=72 (full 4):
 PSYoungGen      total 222208K, used 222026K [0x00000000f0000000, 0x00000000ffd80000, 0x0000000100000000)
  eden space 200704K, 100% used [0x00000000f0000000,0x00000000fc400000,0x00000000fc400000)
  from space 21504K, 99% used [0x00000000fc400000,0x00000000fd8d2828,0x00000000fd900000)
  to   space 29184K, 0% used [0x00000000fe100000,0x00000000fe100000,0x00000000ffd80000)
 ParOldGen       total 246272K, used 195403K [0x00000000d0000000, 0x00000000df080000, 0x00000000f0000000)
  object space 246272K, 79% used [0x00000000d0000000,0x00000000dbed2e10,0x00000000df080000)
 Metaspace       used 96905K, capacity 105158K, committed 105472K, reserved 1142784K
  class space    used 10784K, capacity 12993K, committed 13056K, reserved 1048576K
Event: 1698.177 GC heap after
Heap after GC invocations=72 (full 4):
 PSYoungGen      total 217088K, used 23430K [0x00000000f0000000, 0x00000000ff800000, 0x0000000100000000)
  eden space 193536K, 0% used [0x00000000f0000000,0x00000000f0000000,0x00000000fbd00000)
  from space 23552K, 99% used [0x00000000fe100000,0x00000000ff7e1be8,0x00000000ff800000)
  to   space 29696K, 0% used [0x00000000fbe00000,0x00000000fbe00000,0x00000000fdb00000)
 ParOldGen       total 246272K, used 195979K [0x00000000d0000000, 0x00000000df080000, 0x00000000f0000000)
  object space 246272K, 79% used [0x00000000d0000000,0x00000000dbf62f30,0x00000000df080000)
 Metaspace       used 96905K, capacity 105158K, committed 105472K, reserved 1142784K
  class space    used 10784K, capacity 12993K, committed 13056K, reserved 1048576K
}

